[20:17:25] [ServerMain/INFO]: Environment: Environment[sessionHost=https://sessionserver.mojang.com, servicesHost=https://api.minecraftservices.com, name=PROD]
[20:17:27] [ServerMain/INFO]: Loaded 1182 recipes
[20:17:27] [ServerMain/INFO]: Loaded 1338 advancements
[20:17:27] [Server thread/INFO]: Starting minecraft server version 1.20.6
[20:17:27] [Server thread/INFO]: Loading properties
[20:17:28] [Server thread/INFO]: This server is running Paper version 1.20.6-151-ver/1.20.6@a4f0f5c (2024-10-30T19:13:22Z) (Implementing API version 1.20.6-R0.1-SNAPSHOT)
[20:17:28] [Server thread/INFO]: Server Ping Player Sample Count: 12
[20:17:28] [Server thread/INFO]: Using 4 threads for Netty based IO
[20:17:28] [Server thread/WARN]: [!] The timings profiler has been enabled but has been scheduled for removal from Paper in the future.
    We recommend installing the spark profiler as a replacement: https://spark.lucko.me/
    For more information please visit: https://github.com/PaperMC/Paper/issues/8948
[20:17:28] [Server thread/INFO]: [ChunkTaskScheduler] Chunk system is using 1 I/O threads, 8 worker threads, and gen parallelism of 8 threads
[20:17:28] [Server thread/INFO]: Default game type: SURVIVAL
[20:17:28] [Server thread/INFO]: Generating keypair
[20:17:29] [Server thread/INFO]: Starting Minecraft server on *:25565
[20:17:29] [Server thread/INFO]: Using default channel type
[20:17:29] [Server thread/INFO]: Paper: Using Java compression from Velocity.
[20:17:29] [Server thread/INFO]: Paper: Using Java cipher from Velocity.
[20:17:29] [Server thread/ERROR]: [ModernPluginLoadingStrategy] Could not load 'plugins\.paper-remapped\MobHunting-8.5.4.jar' in 'plugins\.paper-remapped'
org.bukkit.plugin.UnknownDependencyException: Unknown/missing dependency plugins: [CustomItemsLib]. Please download and install these plugins to run 'MobHunting'.
	at io.papermc.paper.plugin.entrypoint.strategy.modern.ModernPluginLoadingStrategy.loadProviders(ModernPluginLoadingStrategy.java:82) ~[paper-1.20.6.jar:1.20.6-151-a4f0f5c]
	at io.papermc.paper.plugin.storage.SimpleProviderStorage.enter(SimpleProviderStorage.java:38) ~[paper-1.20.6.jar:1.20.6-151-a4f0f5c]
	at io.papermc.paper.plugin.entrypoint.LaunchEntryPointHandler.enter(LaunchEntryPointHandler.java:36) ~[paper-1.20.6.jar:1.20.6-151-a4f0f5c]
	at org.bukkit.craftbukkit.CraftServer.loadPlugins(CraftServer.java:532) ~[paper-1.20.6.jar:1.20.6-151-a4f0f5c]
	at net.minecraft.server.dedicated.DedicatedServer.initServer(DedicatedServer.java:286) ~[paper-1.20.6.jar:1.20.6-151-a4f0f5c]
	at net.minecraft.server.MinecraftServer.runServer(MinecraftServer.java:1136) ~[paper-1.20.6.jar:1.20.6-151-a4f0f5c]
	at net.minecraft.server.MinecraftServer.lambda$spin$0(MinecraftServer.java:323) ~[paper-1.20.6.jar:1.20.6-151-a4f0f5c]
	at java.base/java.lang.Thread.run(Thread.java:1583) ~[?:?]
[20:17:29] [Server thread/INFO]: [Towny] Loading server plugin Towny v0.101.1.0
[20:17:29] [Server thread/INFO]: [Slimefun] Loading server plugin Slimefun vRC - 37
[20:17:29] [Server thread/INFO]: [Essentials] Loading server plugin Essentials v2.21.0-dev+167-4e64782
[20:17:29] [Server thread/INFO]: [TownyChat] Loading server plugin TownyChat v0.117
[20:17:29] [Server thread/INFO]: [SlimefunLuckyBlocks] Loading server plugin SlimefunLuckyBlocks vDEV - 36 (git 60f0c8dc)
[20:17:29] [Server thread/INFO]: [ExoticGarden] Loading server plugin ExoticGarden vDEV - 78 (git 7f9a5f63)
[20:17:29] [Server thread/INFO]: [EssentialsChat] Loading server plugin EssentialsChat v2.21.0-dev+167-4e64782
[20:17:29] [Server thread/INFO]: Server permissions file permissions.yml is empty, ignoring it
[20:17:29] [Server thread/INFO]: Preparing level "mainsmp"
[20:17:30] [Server thread/INFO]: Preparing start region for dimension minecraft:overworld
[20:17:30] [Server thread/INFO]: Time elapsed: 446 ms
[20:17:30] [Server thread/INFO]: Preparing start region for dimension minecraft:the_nether
[20:17:30] [Server thread/INFO]: Time elapsed: 71 ms
[20:17:30] [Server thread/INFO]: Preparing start region for dimension minecraft:the_end
[20:17:30] [Server thread/INFO]: Time elapsed: 69 ms
[20:17:30] [Server thread/INFO]: [Towny] Enabling Towny v0.101.1.0
[20:17:30] [Server thread/INFO]: ====================      Towny      ========================
[20:17:31] [Server thread/INFO]: [Towny] Successfully loaded translations for 43 languages.
[20:17:31] [Server thread/INFO]: [Towny] Config: Loaded 9 townblock types: shop, inn, arena, jail, default, bank, wilds, farm, embassy.
[20:17:31] [Server thread/INFO]: [Towny] Database: [Load] flatfile [Save] flatfile
[20:17:31] [Server thread/INFO]: [Towny] Database: Loaded in 40ms.
[20:17:31] [ForkJoinPool.commonPool-worker-1/INFO]: [Towny] Cleaning up old backups...
[20:17:31] [ForkJoinPool.commonPool-worker-1/INFO]: [Towny] Successfully cleaned backups.
[20:17:31] [ForkJoinPool.commonPool-worker-1/INFO]: [Towny] Making backup...
[20:17:31] [Folia Async Scheduler Thread #0/INFO]: [Towny] Time until a New Day: 15 hours, 42 minutes, 29 seconds
[20:17:31] [Folia Async Scheduler Thread #1/INFO]: [Towny] Checking for updates...
[20:17:31] [ForkJoinPool.commonPool-worker-1/INFO]: [Towny] Towny flatfiles and settings successfully backed up.
[20:17:31] [Server thread/INFO]: [Towny] Searching for third-party plugins...
[20:17:31] [Server thread/INFO]: [Towny] Plugins found: 
[20:17:31] [Server thread/INFO]: [Towny]   Permissions: TownyPerms, BukkitPermissions
[20:17:31] [Server thread/INFO]: [Towny]   Add-ons: TownyChat v0.117
[20:17:31] [Server thread/INFO]: [Towny]   Warning: No compatible Economy plugins found. Install
                           Vault.jar or Reserve.jar with any of the supported eco
                           systems. If you do not want an economy to be used, set
                           using_economy: false in your Towny config.yml.
[20:17:32] [Server thread/INFO]: =============================================================
[20:17:32] [Server thread/INFO]: [Towny] Version: 0.101.1.0 - Plugin Enabled
[20:17:32] [Server thread/INFO]: =============================================================
[20:17:32] [Server thread/INFO]: [Slimefun] Enabling Slimefun vRC - 37
[20:17:32] [Server thread/INFO]: [Slimefun] Paper was detected! Performance optimizations have been applied.
[20:17:32] [Server thread/INFO]: [Slimefun] Creating directories...
[20:17:32] [Server thread/INFO]: [Slimefun] Loading language files...
[20:17:32] [Server thread/ERROR]: [dough: skins] Failed to detect skull nbt methods
java.lang.NoSuchMethodException: net.minecraft.world.level.block.entity.SkullBlockEntity.a(com.mojang.authlib.GameProfile)
	at java.base/java.lang.Class.getMethod(Class.java:2395) ~[?:?]
	at io.papermc.reflectionrewriter.runtime.AbstractDefaultRulesReflectionProxy.getMethod(AbstractDefaultRulesReflectionProxy.java:100) ~[reflection-rewriter-runtime-0.0.1.jar:?]
	at io.papermc.paper.pluginremap.reflect.PaperReflectionHolder.getMethod(Unknown Source) ~[paper-1.20.6.jar:1.20.6-151-a4f0f5c]
	at Slimefun4-RC.jar/io.github.thebusybiscuit.slimefun4.libraries.dough.skins.nms.PlayerHeadAdapter18.<init>(PlayerHeadAdapter18.java:23) ~[Slimefun4-RC.jar:?]
	at Slimefun4-RC.jar/io.github.thebusybiscuit.slimefun4.libraries.dough.skins.nms.PlayerHeadAdapter.get(PlayerHeadAdapter.java:31) ~[Slimefun4-RC.jar:?]
	at Slimefun4-RC.jar/io.github.thebusybiscuit.slimefun4.libraries.dough.skins.PlayerHead.<clinit>(PlayerHead.java:23) ~[Slimefun4-RC.jar:?]
	at Slimefun4-RC.jar/io.github.thebusybiscuit.slimefun4.utils.SlimefunUtils.getCustomHead(SlimefunUtils.java:246) ~[Slimefun4-RC.jar:?]
	at Slimefun4-RC.jar/io.github.thebusybiscuit.slimefun4.core.services.localization.Language.<init>(Language.java:52) ~[Slimefun4-RC.jar:?]
	at Slimefun4-RC.jar/io.github.thebusybiscuit.slimefun4.core.services.LocalizationService.<init>(LocalizationService.java:67) ~[Slimefun4-RC.jar:?]
	at Slimefun4-RC.jar/io.github.thebusybiscuit.slimefun4.implementation.Slimefun.onPluginStart(Slimefun.java:300) ~[Slimefun4-RC.jar:?]
	at Slimefun4-RC.jar/io.github.thebusybiscuit.slimefun4.implementation.Slimefun.onEnable(Slimefun.java:241) ~[Slimefun4-RC.jar:?]
	at org.bukkit.plugin.java.JavaPlugin.setEnabled(JavaPlugin.java:288) ~[paper-api-1.20.6-R0.1-SNAPSHOT.jar:?]
	at io.papermc.paper.plugin.manager.PaperPluginInstanceManager.enablePlugin(PaperPluginInstanceManager.java:202) ~[paper-1.20.6.jar:1.20.6-151-a4f0f5c]
	at io.papermc.paper.plugin.manager.PaperPluginManagerImpl.enablePlugin(PaperPluginManagerImpl.java:109) ~[paper-1.20.6.jar:1.20.6-151-a4f0f5c]
	at org.bukkit.plugin.SimplePluginManager.enablePlugin(SimplePluginManager.java:520) ~[paper-api-1.20.6-R0.1-SNAPSHOT.jar:?]
	at org.bukkit.craftbukkit.CraftServer.enablePlugin(CraftServer.java:626) ~[paper-1.20.6.jar:1.20.6-151-a4f0f5c]
	at org.bukkit.craftbukkit.CraftServer.enablePlugins(CraftServer.java:575) ~[paper-1.20.6.jar:1.20.6-151-a4f0f5c]
	at net.minecraft.server.MinecraftServer.loadWorld0(MinecraftServer.java:675) ~[paper-1.20.6.jar:1.20.6-151-a4f0f5c]
	at net.minecraft.server.MinecraftServer.loadLevel(MinecraftServer.java:437) ~[paper-1.20.6.jar:1.20.6-151-a4f0f5c]
	at net.minecraft.server.dedicated.DedicatedServer.initServer(DedicatedServer.java:323) ~[paper-1.20.6.jar:1.20.6-151-a4f0f5c]
	at net.minecraft.server.MinecraftServer.runServer(MinecraftServer.java:1136) ~[paper-1.20.6.jar:1.20.6-151-a4f0f5c]
	at net.minecraft.server.MinecraftServer.lambda$spin$0(MinecraftServer.java:323) ~[paper-1.20.6.jar:1.20.6-151-a4f0f5c]
	at java.base/java.lang.Thread.run(Thread.java:1583) ~[?:?]
[20:17:32] [Server thread/INFO]: Environment: Environment[sessionHost=https://sessionserver.mojang.com, servicesHost=https://api.minecraftservices.com, name=PROD]
[20:17:32] [Server thread/INFO]: [Slimefun] Loaded language "en"
[20:17:32] [Server thread/INFO]: [Slimefun] Available languages: en, de, fr, it, es, ru, uk, sv, cs, bg, pt-BR, hu, sk, vi, id, zh-CN, zh-TW, ja, ko, he, ar, tr, th, tl
[20:17:32] [Server thread/INFO]: [Slimefun] Using legacy storage for player data
[20:17:32] [Server thread/INFO]: [Slimefun] Enabled Analytics Service
[20:17:32] [Server thread/INFO]: [Slimefun] Starting Auto-Updater...
[20:17:32] [Server thread/INFO]: [Slimefun] Loading GEO-Resources...
[20:17:32] [Folia Async Scheduler Thread #1/INFO]: [Towny] New update available: 0.101.1.2 | Current version: 0.101.1.0
[20:17:32] [Folia Async Scheduler Thread #1/INFO]: [Towny] Download it here: https://github.com/TownyAdvanced/Towny/releases/tag/0.101.1.2
[20:17:32] [Server thread/INFO]: [Slimefun] Loading Tags...
[20:17:32] [Server thread/INFO]: [Slimefun] Loading items...
[20:17:32] [Server thread/INFO]: [Slimefun] Loading researches...
[20:17:32] [Server thread/INFO]: [Slimefun] Loading Wiki pages...
[20:17:32] [Server thread/INFO]: [Slimefun] Registering listeners...
[20:17:32] [Server thread/INFO]: [Slimefun] Loading Third-Party plugin integrations...
[20:17:32] [Server thread/INFO]: [Slimefun] Slimefun has finished loading in 843ms
[20:17:32] [Server thread/INFO]: [Essentials] Enabling Essentials v2.21.0-dev+167-4e64782
[20:17:33] [Server thread/INFO]: [Essentials] Attempting to convert old kits in config.yml to new kits.yml
[20:17:33] [Server thread/INFO]: [Essentials] No kits found to migrate.
[20:17:33] [Server thread/INFO]: [Essentials] Selected 1.12.2+ Player Locale Provider as the provider for PlayerLocaleProvider
[20:17:33] [Server thread/INFO]: [Essentials] Selected Paper Tick Count Provider as the provider for TickCountProvider
[20:17:33] [Server thread/INFO]: [Essentials] Selected 1.20.5+ Banner Data Provider as the provider for BannerDataProvider
[20:17:33] [Server thread/INFO]: [Essentials] Selected 1.11+ Item Unbreakable Provider as the provider for ItemUnbreakableProvider
[20:17:33] [Server thread/INFO]: [Essentials] Selected Paper Known Commands Provider as the provider for KnownCommandsProvider
[20:17:33] [Server thread/INFO]: [Essentials] Selected 1.20.4+ Damage Event Provider as the provider for DamageEventProvider
[20:17:33] [Server thread/INFO]: [Essentials] Selected Paper Container Provider as the provider for ContainerProvider
[20:17:33] [Server thread/INFO]: [Essentials] Selected 1.12+ Spawner Block Provider as the provider for SpawnerBlockProvider
[20:17:33] [Server thread/INFO]: [Essentials] Selected Paper Biome Key Provider as the provider for BiomeKeyProvider
[20:17:33] [Server thread/INFO]: [Essentials] Selected Reflection Formatted Command Alias Provider as the provider for FormattedCommandAliasProvider
[20:17:33] [Server thread/INFO]: [Essentials] Selected Paper Serialization Provider as the provider for SerializationProvider
[20:17:33] [Server thread/INFO]: [Essentials] Selected Legacy InventoryView Abstract Class ABI Provider as the provider for InventoryViewProvider
[20:17:33] [Server thread/INFO]: [Essentials] Selected 1.17.1+ World Info Provider as the provider for WorldInfoProvider
[20:17:33] [Server thread/INFO]: [Essentials] Selected Reflection Sync Commands Provider as the provider for SyncCommandsProvider
[20:17:33] [Server thread/INFO]: [Essentials] Selected Paper Server State Provider as the provider for ServerStateProvider
[20:17:33] [Server thread/INFO]: [Essentials] Selected 1.14+ Sign Data Provider as the provider for SignDataProvider
[20:17:33] [Server thread/INFO]: [Essentials] Selected Paper Material Tag Provider as the provider for MaterialTagProvider
[20:17:33] [Server thread/INFO]: [Essentials] Selected 1.8.3+ Spawner Item Provider as the provider for SpawnerItemProvider
[20:17:33] [Server thread/INFO]: [Essentials] Selected 1.14.4+ Persistent Data Container Provider as the provider for PersistentDataProvider
[20:17:33] [Server thread/INFO]: [Essentials] Selected 1.13+ Spawn Egg Provider as the provider for SpawnEggProvider
[20:17:33] [Server thread/INFO]: [Essentials] Selected Reflection Online Mode Provider as the provider for OnlineModeProvider
[20:17:33] [Server thread/INFO]: [Essentials] Selected 1.20.6+ Potion Meta Provider as the provider for PotionMetaProvider
[20:17:33] [Server thread/INFO]: [Essentials] Loaded 43465 items from items.json.
[20:17:33] [Server thread/INFO]: [Essentials] Using locale en_US
[20:17:33] [Server thread/INFO]: [Essentials] ServerListPingEvent: Spigot iterator API
[20:17:33] [Server thread/INFO]: [Essentials] Starting Metrics. Opt-out using the global bStats config.
[20:17:33] [Server thread/INFO]: [Essentials] Using superperms-based permissions.
[20:17:33] [Server thread/INFO]: [TownyChat] Enabling TownyChat v0.117
[20:17:33] [Server thread/INFO]: [TownyChat] Towny version 0.101.1.0 found.
[20:17:33] [Server thread/INFO]: [TownyChat] Default Channel set to general
[20:17:33] [Server thread/INFO]: [SlimefunLuckyBlocks] Enabling SlimefunLuckyBlocks vDEV - 36 (git 60f0c8dc)
[20:17:33] [Server thread/INFO]: [SlimefunLuckyBlocks] Loaded 51 different Surprises!
[20:17:33] [Server thread/INFO]: [ExoticGarden] Enabling ExoticGarden vDEV - 78 (git 7f9a5f63)
[20:17:33] [Server thread/INFO]: [EssentialsChat] Enabling EssentialsChat v2.21.0-dev+167-4e64782
[20:17:33] [Server thread/INFO]: [EssentialsChat] Starting Metrics. Opt-out using the global bStats config.
[20:17:33] [Server thread/INFO]: Running delayed init tasks
[20:17:33] [Craft Scheduler Thread - 5 - Essentials/INFO]: [Essentials] Fetching version information...
[20:17:33] [Craft Scheduler Thread - 6 - SlimefunLuckyBlocks/INFO]: [SlimefunLuckyBlocks] SlimefunLuckyBlocks is already up to date!
[20:17:33] [Craft Scheduler Thread - 7 - ExoticGarden/INFO]: [ExoticGarden] ExoticGarden is already up to date!
[20:17:33] [Server thread/INFO]: [Slimefun] Now running MetricsModule build #29
[20:17:33] [Server thread/INFO]: [Slimefun] with a total of 19/19 chart(s)!
[20:17:33] [Server thread/INFO]: [Slimefun] Metrics build #29 started.
[20:17:33] [Server thread/INFO]: [Slimefun] Collecting Snapshots of all Recipes...
[20:17:33] [Server thread/INFO]: [Slimefun] Found 1,182 Recipes!
[20:17:33] [Server thread/INFO]: 
[20:17:33] [Server thread/INFO]: ######################### - Slimefun vRC - 37 - #########################
[20:17:33] [Server thread/INFO]: 
[20:17:33] [Server thread/INFO]: Successfully loaded 823 Items and 259 Researches
[20:17:33] [Server thread/INFO]: ( 555 Items from Slimefun, 268 Items from 2 Addons )
[20:17:33] [Server thread/INFO]: 
[20:17:33] [Server thread/INFO]: Slimefun is an Open-Source project that is kept alive by a large community.
[20:17:33] [Server thread/INFO]: Consider helping us maintain this project by contributing on GitHub!
[20:17:33] [Server thread/INFO]: 
[20:17:33] [Server thread/INFO]:  - Source Code:  https://github.com/Slimefun/Slimefun4
[20:17:33] [Server thread/INFO]:  - Wiki:         https://github.com/Slimefun/Slimefun4/wiki
[20:17:33] [Server thread/INFO]:  - Addons:       https://github.com/Slimefun/Slimefun4/wiki/Addons
[20:17:33] [Server thread/INFO]:  - Bug Reports:  https://github.com/Slimefun/Slimefun4/issues
[20:17:33] [Server thread/INFO]:  - Discord:      https://discord.gg/slimefun
[20:17:33] [Server thread/INFO]: 
[20:17:33] [Server thread/INFO]: [Slimefun] Loading Blocks for World "mainsmp"
[20:17:33] [Server thread/INFO]: [Slimefun] This may take a long time...
[20:17:33] [Server thread/INFO]: [Slimefun] Loading Blocks... 100% (FINISHED - 5ms)
[20:17:33] [Server thread/INFO]: [Slimefun] Loaded a total of 51 Blocks for World "mainsmp"
[20:17:33] [Server thread/INFO]: [Slimefun] Avg: 0.1ms/Block
[20:17:33] [Server thread/INFO]: [Slimefun] Loading Blocks for World "mainsmp_nether"
[20:17:33] [Server thread/INFO]: [Slimefun] This may take a long time...
[20:17:33] [Server thread/INFO]: [Slimefun] Loading Blocks... 100% (FINISHED - 0ms)
[20:17:33] [Server thread/INFO]: [Slimefun] Loaded a total of 0 Blocks for World "mainsmp_nether"
[20:17:33] [Server thread/INFO]: [Slimefun] Loading Blocks for World "mainsmp_the_end"
[20:17:33] [Server thread/INFO]: [Slimefun] This may take a long time...
[20:17:33] [Server thread/INFO]: [Slimefun] Loading Blocks... 100% (FINISHED - 0ms)
[20:17:33] [Server thread/INFO]: [Slimefun] Loaded a total of 0 Blocks for World "mainsmp_the_end"
[20:17:33] [Server thread/INFO]: [dough: protection] Loading Protection Modules...
[20:17:33] [Server thread/INFO]: [dough: protection] This may happen more than once.
[20:17:33] [Server thread/INFO]: [dough: protection] Loaded Protection Module "Towny v0.101.1.0"
[20:17:33] [Server thread/INFO]: [TownyChat] -******* TownyChat enabled *******-
[20:17:33] [Server thread/INFO]: Done (5.944s)! For help, type "help"
[20:17:33] [Server thread/INFO]: Timings Reset
[20:17:33] [Craft Scheduler Thread - 0 - Slimefun/INFO]: [Slimefun] Slimefun is already up to date!
[20:19:32] [User Authenticator #0/INFO]: UUID of player KaiExtreme is 1fdb4c7a-0869-43fd-96d8-ca24d9936fc0
[20:19:33] [Server thread/INFO]: KaiExtreme joined the game
[20:19:33] [Server thread/INFO]: KaiExtreme[/192.168.50.1:57253] logged in with entity id 38 at ([mainsmp]6.0661580211949335, 72.0, -231.416487326245)
[20:19:39] [Server thread/INFO]: KaiExtreme issued server command: /gamemode creative
[20:19:51] [Server thread/ERROR]: Could not pass event ChunkPopulateEvent to ExoticGarden vDEV - 78 (git 7f9a5f63)
java.lang.UnsupportedOperationException: Cannot update skin texture, no adapter found
	at Slimefun4-RC.jar/io.github.thebusybiscuit.slimefun4.libraries.dough.skins.PlayerHead.setSkin(PlayerHead.java:72) ~[Slimefun4-RC.jar:?]
	at ExoticGarden - DEV 78 (git 7f9a5).jar/io.github.thebusybiscuit.exoticgarden.listeners.PlantsListener.growBush(PlantsListener.java:265) ~[ExoticGarden - DEV 78 (git 7f9a5).jar:?]
	at ExoticGarden - DEV 78 (git 7f9a5).jar/io.github.thebusybiscuit.exoticgarden.listeners.PlantsListener.onGenerate(PlantsListener.java:111) ~[ExoticGarden - DEV 78 (git 7f9a5).jar:?]
	at com.destroystokyo.paper.event.executor.asm.generated.GeneratedEventExecutor247.execute(Unknown Source) ~[?:?]
	at org.bukkit.plugin.EventExecutor$2.execute(EventExecutor.java:77) ~[paper-api-1.20.6-R0.1-SNAPSHOT.jar:?]
	at co.aikar.timings.TimedEventExecutor.execute(TimedEventExecutor.java:81) ~[paper-api-1.20.6-R0.1-SNAPSHOT.jar:1.20.6-151-a4f0f5c]
	at org.bukkit.plugin.RegisteredListener.callEvent(RegisteredListener.java:70) ~[paper-api-1.20.6-R0.1-SNAPSHOT.jar:?]
	at io.papermc.paper.plugin.manager.PaperEventManager.callEvent(PaperEventManager.java:54) ~[paper-1.20.6.jar:1.20.6-151-a4f0f5c]
	at io.papermc.paper.plugin.manager.PaperPluginManagerImpl.callEvent(PaperPluginManagerImpl.java:131) ~[paper-1.20.6.jar:1.20.6-151-a4f0f5c]
	at org.bukkit.plugin.SimplePluginManager.callEvent(SimplePluginManager.java:628) ~[paper-api-1.20.6-R0.1-SNAPSHOT.jar:?]
	at net.minecraft.world.level.chunk.LevelChunk.loadCallback(LevelChunk.java:807) ~[paper-1.20.6.jar:1.20.6-151-a4f0f5c]
	at net.minecraft.world.level.chunk.LevelChunk.onChunkLoad(LevelChunk.java:736) ~[paper-1.20.6.jar:1.20.6-151-a4f0f5c]
	at io.papermc.paper.chunk.system.scheduling.NewChunkHolder.handleFullStatusChange(NewChunkHolder.java:1339) ~[paper-1.20.6.jar:1.20.6-151-a4f0f5c]
	at io.papermc.paper.chunk.system.scheduling.ChunkHolderManager.processPendingFullUpdate(ChunkHolderManager.java:1383) ~[paper-1.20.6.jar:1.20.6-151-a4f0f5c]
	at io.papermc.paper.chunk.system.scheduling.ChunkHolderManager.processTicketUpdates(ChunkHolderManager.java:1367) ~[paper-1.20.6.jar:1.20.6-151-a4f0f5c]
	at io.papermc.paper.chunk.system.scheduling.ChunkHolderManager.processTicketUpdates(ChunkHolderManager.java:1320) ~[paper-1.20.6.jar:1.20.6-151-a4f0f5c]
	at net.minecraft.server.level.ServerChunkCache.runDistanceManagerUpdates(ServerChunkCache.java:410) ~[paper-1.20.6.jar:1.20.6-151-a4f0f5c]
	at net.minecraft.server.level.ServerChunkCache$MainThreadExecutor.pollTask(ServerChunkCache.java:858) ~[paper-1.20.6.jar:1.20.6-151-a4f0f5c]
	at net.minecraft.server.level.ServerChunkCache.pollTask(ServerChunkCache.java:406) ~[paper-1.20.6.jar:1.20.6-151-a4f0f5c]
	at net.minecraft.server.MinecraftServer.pollTaskInternal(MinecraftServer.java:1499) ~[paper-1.20.6.jar:1.20.6-151-a4f0f5c]
	at net.minecraft.server.MinecraftServer.pollTask(MinecraftServer.java:1411) ~[paper-1.20.6.jar:1.20.6-151-a4f0f5c]
	at net.minecraft.util.thread.BlockableEventLoop.managedBlock(BlockableEventLoop.java:135) ~[paper-1.20.6.jar:1.20.6-151-a4f0f5c]
	at net.minecraft.server.MinecraftServer.waitUntilNextTick(MinecraftServer.java:1377) ~[paper-1.20.6.jar:1.20.6-151-a4f0f5c]
	at net.minecraft.server.MinecraftServer.runServer(MinecraftServer.java:1238) ~[paper-1.20.6.jar:1.20.6-151-a4f0f5c]
	at net.minecraft.server.MinecraftServer.lambda$spin$0(MinecraftServer.java:323) ~[paper-1.20.6.jar:1.20.6-151-a4f0f5c]
	at java.base/java.lang.Thread.run(Thread.java:1583) ~[?:?]
[20:19:52] [Server thread/ERROR]: Could not pass event ChunkPopulateEvent to ExoticGarden vDEV - 78 (git 7f9a5f63)
java.lang.UnsupportedOperationException: Cannot update skin texture, no adapter found
	at Slimefun4-RC.jar/io.github.thebusybiscuit.slimefun4.libraries.dough.skins.PlayerHead.setSkin(PlayerHead.java:72) ~[Slimefun4-RC.jar:?]
	at ExoticGarden - DEV 78 (git 7f9a5).jar/io.github.thebusybiscuit.exoticgarden.schematics.Schematic.pasteSchematic(Schematic.java:157) ~[ExoticGarden - DEV 78 (git 7f9a5).jar:?]
	at ExoticGarden - DEV 78 (git 7f9a5).jar/io.github.thebusybiscuit.exoticgarden.listeners.PlantsListener.pasteTree(PlantsListener.java:220) ~[ExoticGarden - DEV 78 (git 7f9a5).jar:?]
	at ExoticGarden - DEV 78 (git 7f9a5).jar/io.github.thebusybiscuit.exoticgarden.listeners.PlantsListener.onGenerate(PlantsListener.java:134) ~[ExoticGarden - DEV 78 (git 7f9a5).jar:?]
	at com.destroystokyo.paper.event.executor.asm.generated.GeneratedEventExecutor247.execute(Unknown Source) ~[?:?]
	at org.bukkit.plugin.EventExecutor$2.execute(EventExecutor.java:77) ~[paper-api-1.20.6-R0.1-SNAPSHOT.jar:?]
	at co.aikar.timings.TimedEventExecutor.execute(TimedEventExecutor.java:81) ~[paper-api-1.20.6-R0.1-SNAPSHOT.jar:1.20.6-151-a4f0f5c]
	at org.bukkit.plugin.RegisteredListener.callEvent(RegisteredListener.java:70) ~[paper-api-1.20.6-R0.1-SNAPSHOT.jar:?]
	at io.papermc.paper.plugin.manager.PaperEventManager.callEvent(PaperEventManager.java:54) ~[paper-1.20.6.jar:1.20.6-151-a4f0f5c]
	at io.papermc.paper.plugin.manager.PaperPluginManagerImpl.callEvent(PaperPluginManagerImpl.java:131) ~[paper-1.20.6.jar:1.20.6-151-a4f0f5c]
	at org.bukkit.plugin.SimplePluginManager.callEvent(SimplePluginManager.java:628) ~[paper-api-1.20.6-R0.1-SNAPSHOT.jar:?]
	at net.minecraft.world.level.chunk.LevelChunk.loadCallback(LevelChunk.java:807) ~[paper-1.20.6.jar:1.20.6-151-a4f0f5c]
	at net.minecraft.world.level.chunk.LevelChunk.onChunkLoad(LevelChunk.java:736) ~[paper-1.20.6.jar:1.20.6-151-a4f0f5c]
	at io.papermc.paper.chunk.system.scheduling.NewChunkHolder.handleFullStatusChange(NewChunkHolder.java:1339) ~[paper-1.20.6.jar:1.20.6-151-a4f0f5c]
	at io.papermc.paper.chunk.system.scheduling.ChunkHolderManager.processPendingFullUpdate(ChunkHolderManager.java:1383) ~[paper-1.20.6.jar:1.20.6-151-a4f0f5c]
	at io.papermc.paper.chunk.system.scheduling.ChunkHolderManager.processTicketUpdates(ChunkHolderManager.java:1367) ~[paper-1.20.6.jar:1.20.6-151-a4f0f5c]
	at io.papermc.paper.chunk.system.scheduling.ChunkHolderManager.processTicketUpdates(ChunkHolderManager.java:1320) ~[paper-1.20.6.jar:1.20.6-151-a4f0f5c]
	at net.minecraft.server.level.ServerChunkCache.runDistanceManagerUpdates(ServerChunkCache.java:410) ~[paper-1.20.6.jar:1.20.6-151-a4f0f5c]
	at net.minecraft.server.level.ServerChunkCache$MainThreadExecutor.pollTask(ServerChunkCache.java:858) ~[paper-1.20.6.jar:1.20.6-151-a4f0f5c]
	at net.minecraft.server.level.ServerChunkCache.pollTask(ServerChunkCache.java:406) ~[paper-1.20.6.jar:1.20.6-151-a4f0f5c]
	at net.minecraft.server.MinecraftServer.pollTaskInternal(MinecraftServer.java:1499) ~[paper-1.20.6.jar:1.20.6-151-a4f0f5c]
	at net.minecraft.server.MinecraftServer.pollTask(MinecraftServer.java:1411) ~[paper-1.20.6.jar:1.20.6-151-a4f0f5c]
	at net.minecraft.util.thread.BlockableEventLoop.managedBlock(BlockableEventLoop.java:135) ~[paper-1.20.6.jar:1.20.6-151-a4f0f5c]
	at net.minecraft.server.MinecraftServer.waitUntilNextTick(MinecraftServer.java:1377) ~[paper-1.20.6.jar:1.20.6-151-a4f0f5c]
	at net.minecraft.server.MinecraftServer.runServer(MinecraftServer.java:1238) ~[paper-1.20.6.jar:1.20.6-151-a4f0f5c]
	at net.minecraft.server.MinecraftServer.lambda$spin$0(MinecraftServer.java:323) ~[paper-1.20.6.jar:1.20.6-151-a4f0f5c]
	at java.base/java.lang.Thread.run(Thread.java:1583) ~[?:?]
[20:19:52] [Server thread/ERROR]: Could not pass event ChunkPopulateEvent to ExoticGarden vDEV - 78 (git 7f9a5f63)
java.lang.UnsupportedOperationException: Cannot update skin texture, no adapter found
	at Slimefun4-RC.jar/io.github.thebusybiscuit.slimefun4.libraries.dough.skins.PlayerHead.setSkin(PlayerHead.java:72) ~[Slimefun4-RC.jar:?]
	at ExoticGarden - DEV 78 (git 7f9a5).jar/io.github.thebusybiscuit.exoticgarden.listeners.PlantsListener.growBush(PlantsListener.java:246) ~[ExoticGarden - DEV 78 (git 7f9a5).jar:?]
	at ExoticGarden - DEV 78 (git 7f9a5).jar/io.github.thebusybiscuit.exoticgarden.listeners.PlantsListener.onGenerate(PlantsListener.java:111) ~[ExoticGarden - DEV 78 (git 7f9a5).jar:?]
	at com.destroystokyo.paper.event.executor.asm.generated.GeneratedEventExecutor247.execute(Unknown Source) ~[?:?]
	at org.bukkit.plugin.EventExecutor$2.execute(EventExecutor.java:77) ~[paper-api-1.20.6-R0.1-SNAPSHOT.jar:?]
	at co.aikar.timings.TimedEventExecutor.execute(TimedEventExecutor.java:81) ~[paper-api-1.20.6-R0.1-SNAPSHOT.jar:1.20.6-151-a4f0f5c]
	at org.bukkit.plugin.RegisteredListener.callEvent(RegisteredListener.java:70) ~[paper-api-1.20.6-R0.1-SNAPSHOT.jar:?]
	at io.papermc.paper.plugin.manager.PaperEventManager.callEvent(PaperEventManager.java:54) ~[paper-1.20.6.jar:1.20.6-151-a4f0f5c]
	at io.papermc.paper.plugin.manager.PaperPluginManagerImpl.callEvent(PaperPluginManagerImpl.java:131) ~[paper-1.20.6.jar:1.20.6-151-a4f0f5c]
	at org.bukkit.plugin.SimplePluginManager.callEvent(SimplePluginManager.java:628) ~[paper-api-1.20.6-R0.1-SNAPSHOT.jar:?]
	at net.minecraft.world.level.chunk.LevelChunk.loadCallback(LevelChunk.java:807) ~[paper-1.20.6.jar:1.20.6-151-a4f0f5c]
	at net.minecraft.world.level.chunk.LevelChunk.onChunkLoad(LevelChunk.java:736) ~[paper-1.20.6.jar:1.20.6-151-a4f0f5c]
	at io.papermc.paper.chunk.system.scheduling.NewChunkHolder.handleFullStatusChange(NewChunkHolder.java:1339) ~[paper-1.20.6.jar:1.20.6-151-a4f0f5c]
	at io.papermc.paper.chunk.system.scheduling.ChunkHolderManager.processPendingFullUpdate(ChunkHolderManager.java:1383) ~[paper-1.20.6.jar:1.20.6-151-a4f0f5c]
	at io.papermc.paper.chunk.system.scheduling.ChunkHolderManager.processTicketUpdates(ChunkHolderManager.java:1367) ~[paper-1.20.6.jar:1.20.6-151-a4f0f5c]
	at io.papermc.paper.chunk.system.scheduling.ChunkHolderManager.processTicketUpdates(ChunkHolderManager.java:1320) ~[paper-1.20.6.jar:1.20.6-151-a4f0f5c]
	at net.minecraft.server.level.ServerChunkCache.runDistanceManagerUpdates(ServerChunkCache.java:410) ~[paper-1.20.6.jar:1.20.6-151-a4f0f5c]
	at net.minecraft.server.level.ServerChunkCache$MainThreadExecutor.pollTask(ServerChunkCache.java:858) ~[paper-1.20.6.jar:1.20.6-151-a4f0f5c]
	at net.minecraft.server.level.ServerChunkCache.pollTask(ServerChunkCache.java:406) ~[paper-1.20.6.jar:1.20.6-151-a4f0f5c]
	at net.minecraft.server.MinecraftServer.pollTaskInternal(MinecraftServer.java:1499) ~[paper-1.20.6.jar:1.20.6-151-a4f0f5c]
	at net.minecraft.server.MinecraftServer.pollTask(MinecraftServer.java:1411) ~[paper-1.20.6.jar:1.20.6-151-a4f0f5c]
	at net.minecraft.util.thread.BlockableEventLoop.managedBlock(BlockableEventLoop.java:135) ~[paper-1.20.6.jar:1.20.6-151-a4f0f5c]
	at net.minecraft.server.MinecraftServer.waitUntilNextTick(MinecraftServer.java:1377) ~[paper-1.20.6.jar:1.20.6-151-a4f0f5c]
	at net.minecraft.server.MinecraftServer.runServer(MinecraftServer.java:1238) ~[paper-1.20.6.jar:1.20.6-151-a4f0f5c]
	at net.minecraft.server.MinecraftServer.lambda$spin$0(MinecraftServer.java:323) ~[paper-1.20.6.jar:1.20.6-151-a4f0f5c]
	at java.base/java.lang.Thread.run(Thread.java:1583) ~[?:?]
[20:25:50] [Server thread/INFO]: Stopping the server
[20:25:50] [Server thread/INFO]: Stopping server
[20:25:50] [Server thread/INFO]: [EssentialsChat] Disabling EssentialsChat v2.21.0-dev+167-4e64782
[20:25:50] [Server thread/INFO]: [ExoticGarden] Disabling ExoticGarden vDEV - 78 (git 7f9a5f63)
[20:25:50] [Server thread/INFO]: [SlimefunLuckyBlocks] Disabling SlimefunLuckyBlocks vDEV - 36 (git 60f0c8dc)
[20:25:50] [Server thread/INFO]: [TownyChat] Disabling TownyChat v0.117
[20:25:50] [Server thread/INFO]: [Essentials] Disabling Essentials v2.21.0-dev+167-4e64782
[20:25:50] [Server thread/INFO]: [Slimefun] Disabling Slimefun vRC - 37
[20:25:50] [Server thread/INFO]: [Slimefun] Saving block data for world "mainsmp" (3 change(s) queued)
[20:25:50] [Server thread/INFO]: [Slimefun] Backed up Slimefun data to: 2025-02-13-20-25.zip
[20:25:50] [Server thread/INFO]: [Towny] Disabling Towny v0.101.1.0
[20:25:50] [Server thread/INFO]: ==============================================================
[20:25:50] [Server thread/INFO]: [Towny] Finishing File IO Tasks...
[20:25:50] [Server thread/INFO]: [Towny] Finishing Universe Tasks...
[20:25:50] [Server thread/INFO]: [Towny] Version: 0.101.1.0 - Plugin Disabled
[20:25:50] [Server thread/INFO]: =============================================================
[20:25:50] [Server thread/INFO]: Saving players
[20:25:50] [Server thread/INFO]: KaiExtreme lost connection: Server closed
[20:25:50] [Server thread/INFO]: KaiExtreme left the game
[20:25:50] [Server thread/INFO]: Saving worlds
[20:25:50] [Server thread/INFO]: Saving chunks for level 'ServerLevel[mainsmp]'/minecraft:overworld
[20:25:50] [Server thread/INFO]: [ChunkHolderManager] Waiting 60s for chunk system to halt for world 'mainsmp'
[20:25:50] [Server thread/INFO]: [ChunkHolderManager] Halted chunk system for world 'mainsmp'
[20:25:50] [Server thread/INFO]: [ChunkHolderManager] Saving all chunkholders for world 'mainsmp'
[20:25:51] [Server thread/INFO]: [ChunkHolderManager] Saved 1266 block chunks, 193 entity chunks, 0 poi chunks in world 'mainsmp' in 0.50s
[20:25:51] [Server thread/INFO]: ThreadedAnvilChunkStorage (mainsmp): All chunks are saved
[20:25:51] [Server thread/INFO]: Saving chunks for level 'ServerLevel[mainsmp_nether]'/minecraft:the_nether
[20:25:51] [Server thread/INFO]: [ChunkHolderManager] Waiting 60s for chunk system to halt for world 'mainsmp_nether'
[20:25:51] [Server thread/INFO]: [ChunkHolderManager] Halted chunk system for world 'mainsmp_nether'
[20:25:51] [Server thread/INFO]: [ChunkHolderManager] Saving all chunkholders for world 'mainsmp_nether'
[20:25:51] [Server thread/INFO]: [ChunkHolderManager] Saved 0 block chunks, 0 entity chunks, 0 poi chunks in world 'mainsmp_nether' in 0.00s
[20:25:51] [Server thread/INFO]: ThreadedAnvilChunkStorage (DIM-1): All chunks are saved
[20:25:51] [Server thread/INFO]: Saving chunks for level 'ServerLevel[mainsmp_the_end]'/minecraft:the_end
[20:25:51] [Server thread/INFO]: [ChunkHolderManager] Waiting 60s for chunk system to halt for world 'mainsmp_the_end'
[20:25:51] [Server thread/INFO]: [ChunkHolderManager] Halted chunk system for world 'mainsmp_the_end'
[20:25:51] [Server thread/INFO]: [ChunkHolderManager] Saving all chunkholders for world 'mainsmp_the_end'
[20:25:51] [Server thread/INFO]: [ChunkHolderManager] Saved 0 block chunks, 7 entity chunks, 0 poi chunks in world 'mainsmp_the_end' in 0.00s
[20:25:51] [Server thread/INFO]: ThreadedAnvilChunkStorage (DIM1): All chunks are saved
[20:25:51] [Server thread/INFO]: ThreadedAnvilChunkStorage: All dimensions are saved
[20:25:51] [Server thread/INFO]: Flushing Chunk IO
[20:25:51] [Server thread/INFO]: Closing Thread Pool
[20:25:51] [Server thread/INFO]: Closing Server
