13 Feb 2025 10:42:08 [Server thread]: Database: [Load] flatfile [Save] flatfile
13 Feb 2025 10:42:08 [Server thread]: Database: Loaded in 17ms.
13 Feb 2025 10:42:08 [ForkJoinPool.commonPool-worker-1]: Cleaning up old backups...
13 Feb 2025 10:42:08 [ForkJoinPool.commonPool-worker-1]: Could not delete old backups.
13 Feb 2025 10:42:08 [ForkJoinPool.commonPool-worker-1]: Making backup...
13 Feb 2025 10:42:08 [Folia Async Scheduler Thread #0]: Time until a New Day: 1 hours, 17 minutes, 52 seconds
13 Feb 2025 10:42:08 [Folia Async Scheduler Thread #1]: Checking for updates...
13 Feb 2025 10:42:08 [ForkJoinPool.commonPool-worker-1]: Towny flatfiles and settings successfully backed up.
13 Feb 2025 10:42:08 [Server thread]: Searching for third-party plugins...
13 Feb 2025 10:42:08 [Server thread]: Plugins found: 
13 Feb 2025 10:42:08 [Server thread]:   Permissions: TownyPerms, BukkitPermissions
13 Feb 2025 10:42:08 [Server thread]:   Warning: No compatible Economy plugins found. Install
                           Vault.jar or Reserve.jar with any of the supported eco
                           systems. If you do not want an economy to be used, set
                           using_economy: false in your Towny config.yml.
13 Feb 2025 10:42:08 [Server thread]: Version: 0.101.1.2 - Plugin Enabled
13 Feb 2025 10:42:09 [Folia Async Scheduler Thread #1]: No new updates found.
13 Feb 2025 10:44:32 [Server thread]: Disabling Towny v0.101.1.2
13 Feb 2025 10:44:32 [Server thread]: Finishing File IO Tasks...
13 Feb 2025 10:44:32 [Server thread]: Finishing Universe Tasks...
13 Feb 2025 10:44:32 [Server thread]: Version: 0.101.1.2 - Plugin Disabled
